<?xml version="1.0" encoding="UTF-8"?>
<!-- Generated by org.testng.reporters.JUnitReportReporter -->
<testsuite hostname="DESKTOP-IG4AEFV" failures="0" tests="1" name="Tetsnglearn.loadcomponents.Basetest" time="5.296" errors="0" timestamp="2023-06-19T12:47:55 IST" skipped="0">
  <testcase classname="Tetsnglearn.loadcomponents.Basetest" name="loadpage" time="5.296"/>
</testsuite> <!-- Tetsnglearn.loadcomponents.Basetest -->
