<?xml version="1.0" encoding="UTF-8"?>
<!-- Generated by org.testng.reporters.JUnitReportReporter -->
<testsuite hostname="DESKTOP-IG4AEFV" failures="0" tests="1" name="components_toloadpage.Basetest" time="6.962" errors="0" timestamp="2023-06-19T12:35:40 IST" skipped="0">
  <testcase classname="components_toloadpage.Basetest" name="LoadmainPage" time="6.962"/>
</testsuite> <!-- components_toloadpage.Basetest -->
